GET 127.0.0.1 ::ffff:127.0.0.1 400 96 - 31.455 ms 1593510525815
GET 127.0.0.1 ::ffff:127.0.0.1 400 96 - 24.667 ms 1593510581211
GET localhost ::1 400 96 - 5.343 ms 1593510594716
PUT localhost ::1 400 77 - 36.113 ms 1593510621580
PUT localhost ::1 400 77 - 2.166 ms 1593510629429
PUT localhost ::1 400 77 - 3.264 ms 1593510663809
PUT localhost ::1 400 73 - 7.356 ms 1593510697507
PUT localhost ::1 400 73 - 40.058 ms 1593510862381
PUT localhost ::1 400 73 - 8.001 ms 1593510864213
PUT localhost ::1 400 73 - 20.789 ms 1593510865637
PUT localhost ::1 500 17 - 69.085 ms 1593512827995
PUT localhost ::1 500 17 - 26.636 ms 1593513084866
PUT localhost ::ffff:127.0.0.1 500 17 - 56.730 ms 1593513160160
PUT localhost ::1 500 17 - 384.947 ms 1593513215723
PUT localhost ::1 500 43 - 53.424 ms 1593513342587
PUT localhost ::ffff:127.0.0.1 500 43 - 67.810 ms 1593513381856
PUT localhost ::1 400 55 - 57.088 ms 1593514241005
PUT localhost ::1 500 27 - 35.286 ms 1593521198340
PUT localhost ::1 500 27 - 9.865 ms 1593521204462
PUT localhost ::1 500 30 - 39.115 ms 1593521249151
PUT localhost ::1 555 55 - 41.429 ms 1593521334010
PUT localhost ::1 500 1585 - 51.164 ms 1593522357415
PUT localhost ::1 500 1613 - 53.928 ms 1593522441499
PUT localhost ::1 500 65 - 85.833 ms 1593523198717
PUT localhost ::1 500 67 - 43.134 ms 1593524150380
PUT localhost ::1 400 54 - 80.010 ms 1593526094457
PUT localhost ::1 400 54 - 3.412 ms 1593526134197
PUT localhost ::1 400 96 - 49.111 ms 1593526503532
PUT localhost ::1 400 55 - 17.323 ms 1593529693807
PUT localhost ::1 400 54 - 4.866 ms 1593529703208
PUT localhost ::1 400 55 - 1.409 ms 1593529709418
PUT localhost ::1 500 46 - 4.100 ms 1593529717454
POST localhost ::1 500 36 - 227.823 ms 1593539649262
POST localhost ::1 400 105 - 3220.485 ms 1593544985379
POST localhost ::1 400 105 - 526.896 ms 1593545064640
POST localhost ::1 500 50 - 27.323 ms 1593545864256
POST localhost ::1 404 51 - 6.980 ms 1593546006776
POST localhost ::1 404 51 - 3.052 ms 1593546013733
POST localhost ::1 404 51 - 3.114 ms 1593546019243
POST localhost ::1 404 51 - 2.635 ms 1593546026854
POST localhost ::1 500 70 - 54.967 ms 1593547508392
POST localhost ::1 500 55 - 67.829 ms 1593547545804
POST localhost ::1 400 46 - 66.921 ms 1593547598254
POST localhost ::1 400 46 - 11.854 ms 1593547620145
POST localhost ::1 400 46 - 56.581 ms 1593547685127
POST localhost ::1 400 46 - 72.539 ms 1593547721134
POST localhost ::1 400 46 - 85.846 ms 1593547822017
POST localhost ::1 400 46 - 58.277 ms 1593547960838
POST localhost ::1 400 46 - 7.335 ms 1593547965263
POST localhost ::1 400 46 - 61.667 ms 1593548015427
POST localhost ::1 400 46 - 68.234 ms 1593548058935
POST localhost ::ffff:127.0.0.1 400 46 - 134.179 ms 1593548146863
POST localhost ::1 400 46 - 84.205 ms 1593548184096
POST localhost ::1 400 46 - 70.105 ms 1593548250059
POST localhost ::1 400 46 - 28.380 ms 1593548253666
POST localhost ::1 400 46 - 7.155 ms 1593548255153
POST localhost ::1 400 46 - 91.961 ms 1593548279028
POST localhost ::ffff:127.0.0.1 400 46 - 108.128 ms 1593548296893
POST localhost ::1 400 46 - 57.890 ms 1593548421723
POST localhost ::1 400 46 - 63.187 ms 1593548453233
POST localhost ::1 400 46 - 71.938 ms 1593548498278
POST localhost ::1 400 46 - 74.106 ms 1593548549613
